{
  "RSpec": {
    "coverage": {
      "/Users/han/Columbia University/assignments/saas/EcoHub/app/helpers/application_helper.rb": {
        "lines": [
          1,
          null
        ]
      },
      "/Users/han/Columbia University/assignments/saas/EcoHub/app/helpers/promotions_helper.rb": {
        "lines": [
          1,
          null
        ]
      },
      "/Users/han/Columbia University/assignments/saas/EcoHub/app/controllers/comments_controller.rb": {
        "lines": [
          1,
          1,
          1,
          1,
          null,
          1,
          1,
          null,
          null,
          1,
          4,
          4,
          null,
          4,
          4,
          4,
          4,
          4,
          4,
          null,
          null,
          1,
          1,
          1,
          null,
          1,
          1,
          1,
          null,
          null,
          1,
          1,
          1,
          null,
          1,
          1,
          1,
          null,
          null,
          1,
          1,
          1,
          1,
          null,
          null,
          1,
          null,
          1,
          4,
          null,
          null
        ]
      },
      "/Users/han/Columbia University/assignments/saas/EcoHub/app/controllers/application_controller.rb": {
        "lines": [
          1,
          1,
          null,
          1,
          59,
          34,
          34,
          1,
          1,
          null,
          null,
          25,
          null,
          null,
          null
        ]
      },
      "/Users/han/Columbia University/assignments/saas/EcoHub/app/controllers/promotions_controller.rb": {
        "lines": [
          1,
          1,
          5,
          5,
          25,
          5,
          5,
          null,
          5,
          1,
          1,
          1,
          null,
          null,
          4,
          20,
          4,
          3,
          null,
          1,
          null,
          null,
          null,
          1,
          2,
          2,
          null,
          1,
          null,
          null,
          1,
          2,
          2,
          2,
          null,
          null,
          1,
          2,
          2,
          null,
          null,
          1,
          2,
          2,
          2,
          null,
          null,
          1,
          2,
          null,
          null,
          1,
          2,
          2,
          2,
          2,
          null,
          null,
          1,
          3,
          3,
          null,
          2,
          2,
          2,
          null,
          null,
          1,
          5,
          5,
          null,
          4,
          4,
          4,
          null,
          null,
          1,
          2,
          2,
          2,
          null,
          null,
          1,
          null,
          1,
          12,
          null,
          null
        ]
      },
      "/Users/han/Columbia University/assignments/saas/EcoHub/app/models/current.rb": {
        "lines": [
          1,
          1,
          null
        ]
      },
      "/Users/han/Columbia University/assignments/saas/EcoHub/app/controllers/registrations_controller.rb": {
        "lines": [
          1,
          1,
          1,
          null,
          null,
          1,
          2,
          2,
          1,
          1,
          null,
          1,
          1,
          null,
          null,
          null,
          1,
          null,
          1,
          2,
          null,
          null
        ]
      },
      "/Users/han/Columbia University/assignments/saas/EcoHub/app/controllers/sessions_controller.rb": {
        "lines": [
          1,
          1,
          null,
          null,
          1,
          2,
          2,
          1,
          1,
          null,
          1,
          1,
          null,
          null,
          null,
          1,
          1,
          1,
          null,
          null
        ]
      },
      "/Users/han/Columbia University/assignments/saas/EcoHub/app/models/promotion.rb": {
        "lines": [
          1,
          1,
          1,
          13,
          null,
          1,
          null,
          1,
          6,
          null,
          null
        ]
      },
      "/Users/han/Columbia University/assignments/saas/EcoHub/app/models/application_record.rb": {
        "lines": [
          1,
          1,
          null
        ]
      },
      "/Users/han/Columbia University/assignments/saas/EcoHub/app/models/user.rb": {
        "lines": [
          1,
          1,
          1,
          1,
          null,
          1,
          1,
          1,
          null
        ]
      },
      "/Users/han/Columbia University/assignments/saas/EcoHub/app/models/comment.rb": {
        "lines": [
          1,
          1,
          1,
          1,
          1,
          1,
          null,
          null
        ]
      },
      "/Users/han/Columbia University/assignments/saas/EcoHub/app/mailers/application_mailer.rb": {
        "lines": [
          null,
          null,
          null,
          null
        ],
        "branches": {
        }
      },
      "/Users/han/Columbia University/assignments/saas/EcoHub/app/jobs/application_job.rb": {
        "lines": [
          null,
          null,
          null,
          null,
          null,
          null,
          null
        ],
        "branches": {
        }
      },
      "/Users/han/Columbia University/assignments/saas/EcoHub/app/channels/application_cable/connection.rb": {
        "lines": [
          null,
          null,
          null,
          null
        ],
        "branches": {
        }
      },
      "/Users/han/Columbia University/assignments/saas/EcoHub/app/channels/application_cable/channel.rb": {
        "lines": [
          null,
          null,
          null,
          null
        ],
        "branches": {
        }
      }
    },
    "timestamp": 1639873184
  }
}
