{
  "RSpec": {
    "coverage": {
      "/Users/hanyili/Desktop/EcoHub/app/helpers/application_helper.rb": {
        "lines": [
          1,
          null
        ]
      },
      "/Users/hanyili/Desktop/EcoHub/app/helpers/promotions_helper.rb": {
        "lines": [
          1,
          null
        ]
      },
      "/Users/hanyili/Desktop/EcoHub/app/controllers/promotions_controller.rb": {
        "lines": [
          1,
          1,
          3,
          3,
          15,
          3,
          3,
          null,
          3,
          1,
          1,
          1,
          null,
          null,
          2,
          10,
          2,
          2,
          null,
          0,
          null,
          null,
          null,
          1,
          1,
          null,
          null,
          1,
          2,
          2,
          2,
          null,
          null,
          1,
          2,
          2,
          null,
          null,
          1,
          2,
          2,
          2,
          null,
          null,
          1,
          2,
          null,
          null,
          1,
          2,
          2,
          2,
          2,
          null,
          null,
          1,
          null,
          1,
          12,
          null,
          null
        ]
      },
      "/Users/hanyili/Desktop/EcoHub/app/controllers/application_controller.rb": {
        "lines": [
          1,
          null
        ]
      },
      "/Users/hanyili/Desktop/EcoHub/app/models/promotion.rb": {
        "lines": [
          1,
          1,
          null,
          1,
          4,
          null,
          null
        ]
      },
      "/Users/hanyili/Desktop/EcoHub/app/models/application_record.rb": {
        "lines": [
          1,
          1,
          null
        ]
      },
      "/Users/hanyili/Desktop/EcoHub/app/mailers/application_mailer.rb": {
        "lines": [
          0,
          0,
          0,
          0
        ],
        "branches": {
        }
      },
      "/Users/hanyili/Desktop/EcoHub/app/jobs/application_job.rb": {
        "lines": [
          0,
          null,
          null,
          null,
          null,
          null,
          0
        ],
        "branches": {
        }
      },
      "/Users/hanyili/Desktop/EcoHub/app/channels/application_cable/connection.rb": {
        "lines": [
          0,
          0,
          0,
          0
        ],
        "branches": {
        }
      },
      "/Users/hanyili/Desktop/EcoHub/app/channels/application_cable/channel.rb": {
        "lines": [
          0,
          0,
          0,
          0
        ],
        "branches": {
        }
      }
    },
    "timestamp": 1636907702
  }
}
